This is e-pTeX, Version 3.1415926-p3.3-110825-2.4 (utf8.euc) (TeX Live 2012) (format=platex 2012.11.19)  4 FEB 2013 21:37
entering extended mode
 restricted \write18 enabled.
 %&-line parsing enabled.
**/Users/giginet/Documents/aptana3/crowd/report/chapter3.tex
(/Users/giginet/Documents/aptana3/crowd/report/chapter3.tex
pLaTeX2e <2006/11/10> (based on LaTeX2e <2011/06/27> patch level 0)
Babel <v3.8m> and hyphenation patterns for english, dumylang, nohyphenation, ge
rman-x-2012-05-30, ngerman-x-2012-05-30, afrikaans, ancientgreek, ibycus, arabi
c, armenian, basque, bulgarian, catalan, pinyin, coptic, croatian, czech, danis
h, dutch, ukenglish, usenglishmax, esperanto, estonian, ethiopic, farsi, finnis
h, french, friulan, galician, german, ngerman, swissgerman, monogreek, greek, h
ungarian, icelandic, assamese, bengali, gujarati, hindi, kannada, malayalam, ma
rathi, oriya, panjabi, tamil, telugu, indonesian, interlingua, irish, italian, 
kurmanji, latin, latvian, lithuanian, mongolian, mongolianlmc, bokmal, nynorsk,
 polish, portuguese, romanian, romansh, russian, sanskrit, serbian, serbianc, s
lovak, slovenian, spanish, swedish, turkish, turkmen, ukrainian, uppersorbian, 
welsh, loaded.
! Undefined control sequence.
l.1 \chapter
            {提案手法}
? 
! Emergency stop.
l.1 \chapter
            {提案手法}
End of file on the terminal!

 
Here is how much of TeX's memory you used:
 5 strings out of 494059
 228 string characters out of 3156204
 51965 words of memory out of 3000000
 3531 multiletter control sequences out of 15000+200000
 7519 words of font info for 31 fonts, out of 3000000 for 9000
 745 hyphenation exceptions out of 8191
 5i,0n,1p,79b,8s stack positions out of 5000i,500n,10000p,200000b,50000s
No pages of output.
