This is e-pTeX, Version 3.1415926-p3.2-110415-2.3 (utf8.euc) (TeX Live 2011) (format=platex 2011.10.7)  24 JAN 2013 16:23
entering extended mode
 restricted \write18 enabled.
 %&-line parsing enabled.
**/Users/giginet/LeDA/report/report.tex
(/Users/giginet/LeDA/report/report.tex
pLaTeX2e <2006/11/10> (based on LaTeX2e <2009/09/24> patch level 0)
Babel <v3.8l> and hyphenation patterns for english, dumylang, nohyphenation, af
rikaans, arabic, basque, bulgarian, catalan, pinyin, croatian, czech, danish, d
utch, ukenglish, usenglishmax, esperanto, estonian, farsi, finnish, french, gal
ician, german, ngerman, swissgerman, hungarian, icelandic, indonesian, interlin
gua, irish, italian, kurmanji, latin, latvian, lithuanian, mongolian, mongolian
lmc, bokmal, nynorsk, polish, portuguese, romanian, russian, serbian, serbianc,
 slovak, slovenian, spanish, swedish, turkish, turkmen, ukrainian, uppersorbian
, welsh, ancientgreek, ibycus, monogreek, greek, coptic, loaded.

! LaTeX Error: File `jreport.cls' not found.

Type X to quit or <RETURN> to proceed,
or enter new name. (Default extension: cls)

Enter file name: 
! Emergency stop.
<read *> 
         
l.6 \usepackage
               [dvips]{graphicx}^^M
End of file on the terminal!

 
Here is how much of TeX's memory you used:
 10 strings out of 494163
 201 string characters out of 3160586
 51010 words of memory out of 3000000
 3497 multiletter control sequences out of 15000+200000
 7519 words of font info for 31 fonts, out of 3000000 for 9000
 745 hyphenation exceptions out of 8191
 10i,0n,7p,87b,8s stack positions out of 5000i,500n,10000p,200000b,50000s
No pages of output.
